<?xml version="1.0" encoding="UTF-8"?>
<testsuite xmlns:xsi="http://www.w3.org/2001/XMLSchema-instance" xsi:noNamespaceSchemaLocation="https://maven.apache.org/surefire/maven-surefire-plugin/xsd/surefire-test-report-3.0.xsd" version="3.0" name="com.example.mongodb.SpringMongoDbApplicationTests" time="5.485" tests="1" errors="0" skipped="0" failures="0">
  <properties>
    <property name="java.specification.version" value="17"/>
    <property name="sun.jnu.encoding" value="UTF-8"/>
    <property name="java.class.path" value="/Users/sailendum/IdeaProjects/Spring-Cloud/SpringBoot-MongoDB/target/test-classes:/Users/sailendum/IdeaProjects/Spring-Cloud/SpringBoot-MongoDB/target/classes:/Users/sailendum/.m2/repository-Interview/org/springframework/boot/spring-boot-starter-data-mongodb/3.2.0/spring-boot-starter-data-mongodb-3.2.0.jar:/Users/sailendum/.m2/repository-Interview/org/springframework/boot/spring-boot-starter/3.2.0/spring-boot-starter-3.2.0.jar:/Users/sailendum/.m2/repository-Interview/org/springframework/boot/spring-boot/3.2.0/spring-boot-3.2.0.jar:/Users/sailendum/.m2/repository-Interview/org/springframework/boot/spring-boot-autoconfigure/3.2.0/spring-boot-autoconfigure-3.2.0.jar:/Users/sailendum/.m2/repository-Interview/org/springframework/boot/spring-boot-starter-logging/3.2.0/spring-boot-starter-logging-3.2.0.jar:/Users/sailendum/.m2/repository-Interview/ch/qos/logback/logback-classic/1.4.11/logback-classic-1.4.11.jar:/Users/sailendum/.m2/repository-Interview/ch/qos/logback/logback-core/1.4.11/logback-core-1.4.11.jar:/Users/sailendum/.m2/repository-Interview/org/apache/logging/log4j/log4j-to-slf4j/2.21.1/log4j-to-slf4j-2.21.1.jar:/Users/sailendum/.m2/repository-Interview/org/apache/logging/log4j/log4j-api/2.21.1/log4j-api-2.21.1.jar:/Users/sailendum/.m2/repository-Interview/org/slf4j/jul-to-slf4j/2.0.9/jul-to-slf4j-2.0.9.jar:/Users/sailendum/.m2/repository-Interview/jakarta/annotation/jakarta.annotation-api/2.1.1/jakarta.annotation-api-2.1.1.jar:/Users/sailendum/.m2/repository-Interview/org/yaml/snakeyaml/2.2/snakeyaml-2.2.jar:/Users/sailendum/.m2/repository-Interview/org/mongodb/mongodb-driver-sync/4.11.1/mongodb-driver-sync-4.11.1.jar:/Users/sailendum/.m2/repository-Interview/org/mongodb/bson/4.11.1/bson-4.11.1.jar:/Users/sailendum/.m2/repository-Interview/org/mongodb/mongodb-driver-core/4.11.1/mongodb-driver-core-4.11.1.jar:/Users/sailendum/.m2/repository-Interview/org/mongodb/bson-record-codec/4.11.1/bson-record-codec-4.11.1.jar:/Users/sailendum/.m2/repository-Interview/org/springframework/data/spring-data-mongodb/4.2.0/spring-data-mongodb-4.2.0.jar:/Users/sailendum/.m2/repository-Interview/org/springframework/spring-tx/6.1.1/spring-tx-6.1.1.jar:/Users/sailendum/.m2/repository-Interview/org/springframework/spring-context/6.1.1/spring-context-6.1.1.jar:/Users/sailendum/.m2/repository-Interview/org/springframework/spring-beans/6.1.1/spring-beans-6.1.1.jar:/Users/sailendum/.m2/repository-Interview/org/springframework/spring-expression/6.1.1/spring-expression-6.1.1.jar:/Users/sailendum/.m2/repository-Interview/org/springframework/data/spring-data-commons/3.2.0/spring-data-commons-3.2.0.jar:/Users/sailendum/.m2/repository-Interview/org/slf4j/slf4j-api/2.0.9/slf4j-api-2.0.9.jar:/Users/sailendum/.m2/repository-Interview/org/springframework/boot/spring-boot-starter-web/3.2.0/spring-boot-starter-web-3.2.0.jar:/Users/sailendum/.m2/repository-Interview/org/springframework/boot/spring-boot-starter-json/3.2.0/spring-boot-starter-json-3.2.0.jar:/Users/sailendum/.m2/repository-Interview/com/fasterxml/jackson/core/jackson-databind/2.15.3/jackson-databind-2.15.3.jar:/Users/sailendum/.m2/repository-Interview/com/fasterxml/jackson/core/jackson-annotations/2.15.3/jackson-annotations-2.15.3.jar:/Users/sailendum/.m2/repository-Interview/com/fasterxml/jackson/core/jackson-core/2.15.3/jackson-core-2.15.3.jar:/Users/sailendum/.m2/repository-Interview/com/fasterxml/jackson/datatype/jackson-datatype-jdk8/2.15.3/jackson-datatype-jdk8-2.15.3.jar:/Users/sailendum/.m2/repository-Interview/com/fasterxml/jackson/datatype/jackson-datatype-jsr310/2.15.3/jackson-datatype-jsr310-2.15.3.jar:/Users/sailendum/.m2/repository-Interview/com/fasterxml/jackson/module/jackson-module-parameter-names/2.15.3/jackson-module-parameter-names-2.15.3.jar:/Users/sailendum/.m2/repository-Interview/org/springframework/boot/spring-boot-starter-tomcat/3.2.0/spring-boot-starter-tomcat-3.2.0.jar:/Users/sailendum/.m2/repository-Interview/org/apache/tomcat/embed/tomcat-embed-core/10.1.16/tomcat-embed-core-10.1.16.jar:/Users/sailendum/.m2/repository-Interview/org/apache/tomcat/embed/tomcat-embed-el/10.1.16/tomcat-embed-el-10.1.16.jar:/Users/sailendum/.m2/repository-Interview/org/apache/tomcat/embed/tomcat-embed-websocket/10.1.16/tomcat-embed-websocket-10.1.16.jar:/Users/sailendum/.m2/repository-Interview/org/springframework/spring-web/6.1.1/spring-web-6.1.1.jar:/Users/sailendum/.m2/repository-Interview/io/micrometer/micrometer-observation/1.12.0/micrometer-observation-1.12.0.jar:/Users/sailendum/.m2/repository-Interview/io/micrometer/micrometer-commons/1.12.0/micrometer-commons-1.12.0.jar:/Users/sailendum/.m2/repository-Interview/org/springframework/spring-webmvc/6.1.1/spring-webmvc-6.1.1.jar:/Users/sailendum/.m2/repository-Interview/org/springframework/spring-aop/6.1.1/spring-aop-6.1.1.jar:/Users/sailendum/.m2/repository-Interview/org/projectlombok/lombok/1.18.30/lombok-1.18.30.jar:/Users/sailendum/.m2/repository-Interview/org/springframework/boot/spring-boot-starter-test/3.2.0/spring-boot-starter-test-3.2.0.jar:/Users/sailendum/.m2/repository-Interview/org/springframework/boot/spring-boot-test/3.2.0/spring-boot-test-3.2.0.jar:/Users/sailendum/.m2/repository-Interview/org/springframework/boot/spring-boot-test-autoconfigure/3.2.0/spring-boot-test-autoconfigure-3.2.0.jar:/Users/sailendum/.m2/repository-Interview/com/jayway/jsonpath/json-path/2.8.0/json-path-2.8.0.jar:/Users/sailendum/.m2/repository-Interview/jakarta/xml/bind/jakarta.xml.bind-api/4.0.1/jakarta.xml.bind-api-4.0.1.jar:/Users/sailendum/.m2/repository-Interview/jakarta/activation/jakarta.activation-api/2.1.2/jakarta.activation-api-2.1.2.jar:/Users/sailendum/.m2/repository-Interview/net/minidev/json-smart/2.5.0/json-smart-2.5.0.jar:/Users/sailendum/.m2/repository-Interview/net/minidev/accessors-smart/2.5.0/accessors-smart-2.5.0.jar:/Users/sailendum/.m2/repository-Interview/org/ow2/asm/asm/9.3/asm-9.3.jar:/Users/sailendum/.m2/repository-Interview/org/assertj/assertj-core/3.24.2/assertj-core-3.24.2.jar:/Users/sailendum/.m2/repository-Interview/net/bytebuddy/byte-buddy/1.14.10/byte-buddy-1.14.10.jar:/Users/sailendum/.m2/repository-Interview/org/awaitility/awaitility/4.2.0/awaitility-4.2.0.jar:/Users/sailendum/.m2/repository-Interview/org/hamcrest/hamcrest/2.2/hamcrest-2.2.jar:/Users/sailendum/.m2/repository-Interview/org/junit/jupiter/junit-jupiter/5.10.1/junit-jupiter-5.10.1.jar:/Users/sailendum/.m2/repository-Interview/org/junit/jupiter/junit-jupiter-api/5.10.1/junit-jupiter-api-5.10.1.jar:/Users/sailendum/.m2/repository-Interview/org/opentest4j/opentest4j/1.3.0/opentest4j-1.3.0.jar:/Users/sailendum/.m2/repository-Interview/org/junit/platform/junit-platform-commons/1.10.1/junit-platform-commons-1.10.1.jar:/Users/sailendum/.m2/repository-Interview/org/apiguardian/apiguardian-api/1.1.2/apiguardian-api-1.1.2.jar:/Users/sailendum/.m2/repository-Interview/org/junit/jupiter/junit-jupiter-params/5.10.1/junit-jupiter-params-5.10.1.jar:/Users/sailendum/.m2/repository-Interview/org/junit/jupiter/junit-jupiter-engine/5.10.1/junit-jupiter-engine-5.10.1.jar:/Users/sailendum/.m2/repository-Interview/org/junit/platform/junit-platform-engine/1.10.1/junit-platform-engine-1.10.1.jar:/Users/sailendum/.m2/repository-Interview/org/mockito/mockito-core/5.7.0/mockito-core-5.7.0.jar:/Users/sailendum/.m2/repository-Interview/net/bytebuddy/byte-buddy-agent/1.14.10/byte-buddy-agent-1.14.10.jar:/Users/sailendum/.m2/repository-Interview/org/objenesis/objenesis/3.3/objenesis-3.3.jar:/Users/sailendum/.m2/repository-Interview/org/mockito/mockito-junit-jupiter/5.7.0/mockito-junit-jupiter-5.7.0.jar:/Users/sailendum/.m2/repository-Interview/org/skyscreamer/jsonassert/1.5.1/jsonassert-1.5.1.jar:/Users/sailendum/.m2/repository-Interview/com/vaadin/external/google/android-json/0.0.20131108.vaadin1/android-json-0.0.20131108.vaadin1.jar:/Users/sailendum/.m2/repository-Interview/org/springframework/spring-core/6.1.1/spring-core-6.1.1.jar:/Users/sailendum/.m2/repository-Interview/org/springframework/spring-jcl/6.1.1/spring-jcl-6.1.1.jar:/Users/sailendum/.m2/repository-Interview/org/springframework/spring-test/6.1.1/spring-test-6.1.1.jar:/Users/sailendum/.m2/repository-Interview/org/xmlunit/xmlunit-core/2.9.1/xmlunit-core-2.9.1.jar:"/>
    <property name="java.vm.vendor" value="Oracle Corporation"/>
    <property name="sun.arch.data.model" value="64"/>
    <property name="java.vendor.url" value="https://java.oracle.com/"/>
    <property name="user.timezone" value="Asia/Kolkata"/>
    <property name="os.name" value="Mac OS X"/>
    <property name="java.vm.specification.version" value="17"/>
    <property name="sun.java.launcher" value="SUN_STANDARD"/>
    <property name="user.country" value="IN"/>
    <property name="sun.boot.library.path" value="/Library/Java/JavaVirtualMachines/jdk-17.jdk/Contents/Home/lib"/>
    <property name="sun.java.command" value="/Users/sailendum/IdeaProjects/Spring-Cloud/SpringBoot-MongoDB/target/surefire/surefirebooter-20231225201011316_3.jar /Users/sailendum/IdeaProjects/Spring-Cloud/SpringBoot-MongoDB/target/surefire 2023-12-25T20-10-11_186-jvmRun1 surefire-20231225201011316_1tmp surefire_0-20231225201011316_2tmp"/>
    <property name="http.nonProxyHosts" value="local|*.local|169.254/16|*.169.254/16"/>
    <property name="jdk.debug" value="release"/>
    <property name="surefire.test.class.path" value="/Users/sailendum/IdeaProjects/Spring-Cloud/SpringBoot-MongoDB/target/test-classes:/Users/sailendum/IdeaProjects/Spring-Cloud/SpringBoot-MongoDB/target/classes:/Users/sailendum/.m2/repository-Interview/org/springframework/boot/spring-boot-starter-data-mongodb/3.2.0/spring-boot-starter-data-mongodb-3.2.0.jar:/Users/sailendum/.m2/repository-Interview/org/springframework/boot/spring-boot-starter/3.2.0/spring-boot-starter-3.2.0.jar:/Users/sailendum/.m2/repository-Interview/org/springframework/boot/spring-boot/3.2.0/spring-boot-3.2.0.jar:/Users/sailendum/.m2/repository-Interview/org/springframework/boot/spring-boot-autoconfigure/3.2.0/spring-boot-autoconfigure-3.2.0.jar:/Users/sailendum/.m2/repository-Interview/org/springframework/boot/spring-boot-starter-logging/3.2.0/spring-boot-starter-logging-3.2.0.jar:/Users/sailendum/.m2/repository-Interview/ch/qos/logback/logback-classic/1.4.11/logback-classic-1.4.11.jar:/Users/sailendum/.m2/repository-Interview/ch/qos/logback/logback-core/1.4.11/logback-core-1.4.11.jar:/Users/sailendum/.m2/repository-Interview/org/apache/logging/log4j/log4j-to-slf4j/2.21.1/log4j-to-slf4j-2.21.1.jar:/Users/sailendum/.m2/repository-Interview/org/apache/logging/log4j/log4j-api/2.21.1/log4j-api-2.21.1.jar:/Users/sailendum/.m2/repository-Interview/org/slf4j/jul-to-slf4j/2.0.9/jul-to-slf4j-2.0.9.jar:/Users/sailendum/.m2/repository-Interview/jakarta/annotation/jakarta.annotation-api/2.1.1/jakarta.annotation-api-2.1.1.jar:/Users/sailendum/.m2/repository-Interview/org/yaml/snakeyaml/2.2/snakeyaml-2.2.jar:/Users/sailendum/.m2/repository-Interview/org/mongodb/mongodb-driver-sync/4.11.1/mongodb-driver-sync-4.11.1.jar:/Users/sailendum/.m2/repository-Interview/org/mongodb/bson/4.11.1/bson-4.11.1.jar:/Users/sailendum/.m2/repository-Interview/org/mongodb/mongodb-driver-core/4.11.1/mongodb-driver-core-4.11.1.jar:/Users/sailendum/.m2/repository-Interview/org/mongodb/bson-record-codec/4.11.1/bson-record-codec-4.11.1.jar:/Users/sailendum/.m2/repository-Interview/org/springframework/data/spring-data-mongodb/4.2.0/spring-data-mongodb-4.2.0.jar:/Users/sailendum/.m2/repository-Interview/org/springframework/spring-tx/6.1.1/spring-tx-6.1.1.jar:/Users/sailendum/.m2/repository-Interview/org/springframework/spring-context/6.1.1/spring-context-6.1.1.jar:/Users/sailendum/.m2/repository-Interview/org/springframework/spring-beans/6.1.1/spring-beans-6.1.1.jar:/Users/sailendum/.m2/repository-Interview/org/springframework/spring-expression/6.1.1/spring-expression-6.1.1.jar:/Users/sailendum/.m2/repository-Interview/org/springframework/data/spring-data-commons/3.2.0/spring-data-commons-3.2.0.jar:/Users/sailendum/.m2/repository-Interview/org/slf4j/slf4j-api/2.0.9/slf4j-api-2.0.9.jar:/Users/sailendum/.m2/repository-Interview/org/springframework/boot/spring-boot-starter-web/3.2.0/spring-boot-starter-web-3.2.0.jar:/Users/sailendum/.m2/repository-Interview/org/springframework/boot/spring-boot-starter-json/3.2.0/spring-boot-starter-json-3.2.0.jar:/Users/sailendum/.m2/repository-Interview/com/fasterxml/jackson/core/jackson-databind/2.15.3/jackson-databind-2.15.3.jar:/Users/sailendum/.m2/repository-Interview/com/fasterxml/jackson/core/jackson-annotations/2.15.3/jackson-annotations-2.15.3.jar:/Users/sailendum/.m2/repository-Interview/com/fasterxml/jackson/core/jackson-core/2.15.3/jackson-core-2.15.3.jar:/Users/sailendum/.m2/repository-Interview/com/fasterxml/jackson/datatype/jackson-datatype-jdk8/2.15.3/jackson-datatype-jdk8-2.15.3.jar:/Users/sailendum/.m2/repository-Interview/com/fasterxml/jackson/datatype/jackson-datatype-jsr310/2.15.3/jackson-datatype-jsr310-2.15.3.jar:/Users/sailendum/.m2/repository-Interview/com/fasterxml/jackson/module/jackson-module-parameter-names/2.15.3/jackson-module-parameter-names-2.15.3.jar:/Users/sailendum/.m2/repository-Interview/org/springframework/boot/spring-boot-starter-tomcat/3.2.0/spring-boot-starter-tomcat-3.2.0.jar:/Users/sailendum/.m2/repository-Interview/org/apache/tomcat/embed/tomcat-embed-core/10.1.16/tomcat-embed-core-10.1.16.jar:/Users/sailendum/.m2/repository-Interview/org/apache/tomcat/embed/tomcat-embed-el/10.1.16/tomcat-embed-el-10.1.16.jar:/Users/sailendum/.m2/repository-Interview/org/apache/tomcat/embed/tomcat-embed-websocket/10.1.16/tomcat-embed-websocket-10.1.16.jar:/Users/sailendum/.m2/repository-Interview/org/springframework/spring-web/6.1.1/spring-web-6.1.1.jar:/Users/sailendum/.m2/repository-Interview/io/micrometer/micrometer-observation/1.12.0/micrometer-observation-1.12.0.jar:/Users/sailendum/.m2/repository-Interview/io/micrometer/micrometer-commons/1.12.0/micrometer-commons-1.12.0.jar:/Users/sailendum/.m2/repository-Interview/org/springframework/spring-webmvc/6.1.1/spring-webmvc-6.1.1.jar:/Users/sailendum/.m2/repository-Interview/org/springframework/spring-aop/6.1.1/spring-aop-6.1.1.jar:/Users/sailendum/.m2/repository-Interview/org/projectlombok/lombok/1.18.30/lombok-1.18.30.jar:/Users/sailendum/.m2/repository-Interview/org/springframework/boot/spring-boot-starter-test/3.2.0/spring-boot-starter-test-3.2.0.jar:/Users/sailendum/.m2/repository-Interview/org/springframework/boot/spring-boot-test/3.2.0/spring-boot-test-3.2.0.jar:/Users/sailendum/.m2/repository-Interview/org/springframework/boot/spring-boot-test-autoconfigure/3.2.0/spring-boot-test-autoconfigure-3.2.0.jar:/Users/sailendum/.m2/repository-Interview/com/jayway/jsonpath/json-path/2.8.0/json-path-2.8.0.jar:/Users/sailendum/.m2/repository-Interview/jakarta/xml/bind/jakarta.xml.bind-api/4.0.1/jakarta.xml.bind-api-4.0.1.jar:/Users/sailendum/.m2/repository-Interview/jakarta/activation/jakarta.activation-api/2.1.2/jakarta.activation-api-2.1.2.jar:/Users/sailendum/.m2/repository-Interview/net/minidev/json-smart/2.5.0/json-smart-2.5.0.jar:/Users/sailendum/.m2/repository-Interview/net/minidev/accessors-smart/2.5.0/accessors-smart-2.5.0.jar:/Users/sailendum/.m2/repository-Interview/org/ow2/asm/asm/9.3/asm-9.3.jar:/Users/sailendum/.m2/repository-Interview/org/assertj/assertj-core/3.24.2/assertj-core-3.24.2.jar:/Users/sailendum/.m2/repository-Interview/net/bytebuddy/byte-buddy/1.14.10/byte-buddy-1.14.10.jar:/Users/sailendum/.m2/repository-Interview/org/awaitility/awaitility/4.2.0/awaitility-4.2.0.jar:/Users/sailendum/.m2/repository-Interview/org/hamcrest/hamcrest/2.2/hamcrest-2.2.jar:/Users/sailendum/.m2/repository-Interview/org/junit/jupiter/junit-jupiter/5.10.1/junit-jupiter-5.10.1.jar:/Users/sailendum/.m2/repository-Interview/org/junit/jupiter/junit-jupiter-api/5.10.1/junit-jupiter-api-5.10.1.jar:/Users/sailendum/.m2/repository-Interview/org/opentest4j/opentest4j/1.3.0/opentest4j-1.3.0.jar:/Users/sailendum/.m2/repository-Interview/org/junit/platform/junit-platform-commons/1.10.1/junit-platform-commons-1.10.1.jar:/Users/sailendum/.m2/repository-Interview/org/apiguardian/apiguardian-api/1.1.2/apiguardian-api-1.1.2.jar:/Users/sailendum/.m2/repository-Interview/org/junit/jupiter/junit-jupiter-params/5.10.1/junit-jupiter-params-5.10.1.jar:/Users/sailendum/.m2/repository-Interview/org/junit/jupiter/junit-jupiter-engine/5.10.1/junit-jupiter-engine-5.10.1.jar:/Users/sailendum/.m2/repository-Interview/org/junit/platform/junit-platform-engine/1.10.1/junit-platform-engine-1.10.1.jar:/Users/sailendum/.m2/repository-Interview/org/mockito/mockito-core/5.7.0/mockito-core-5.7.0.jar:/Users/sailendum/.m2/repository-Interview/net/bytebuddy/byte-buddy-agent/1.14.10/byte-buddy-agent-1.14.10.jar:/Users/sailendum/.m2/repository-Interview/org/objenesis/objenesis/3.3/objenesis-3.3.jar:/Users/sailendum/.m2/repository-Interview/org/mockito/mockito-junit-jupiter/5.7.0/mockito-junit-jupiter-5.7.0.jar:/Users/sailendum/.m2/repository-Interview/org/skyscreamer/jsonassert/1.5.1/jsonassert-1.5.1.jar:/Users/sailendum/.m2/repository-Interview/com/vaadin/external/google/android-json/0.0.20131108.vaadin1/android-json-0.0.20131108.vaadin1.jar:/Users/sailendum/.m2/repository-Interview/org/springframework/spring-core/6.1.1/spring-core-6.1.1.jar:/Users/sailendum/.m2/repository-Interview/org/springframework/spring-jcl/6.1.1/spring-jcl-6.1.1.jar:/Users/sailendum/.m2/repository-Interview/org/springframework/spring-test/6.1.1/spring-test-6.1.1.jar:/Users/sailendum/.m2/repository-Interview/org/xmlunit/xmlunit-core/2.9.1/xmlunit-core-2.9.1.jar:"/>
    <property name="sun.cpu.endian" value="little"/>
    <property name="user.home" value="/Users/sailendum"/>
    <property name="user.language" value="en"/>
    <property name="java.specification.vendor" value="Oracle Corporation"/>
    <property name="java.version.date" value="2023-07-18"/>
    <property name="java.home" value="/Library/Java/JavaVirtualMachines/jdk-17.jdk/Contents/Home"/>
    <property name="file.separator" value="/"/>
    <property name="basedir" value="/Users/sailendum/IdeaProjects/Spring-Cloud/SpringBoot-MongoDB"/>
    <property name="java.vm.compressedOopsMode" value="Zero based"/>
    <property name="line.separator" value="&#10;"/>
    <property name="java.vm.specification.vendor" value="Oracle Corporation"/>
    <property name="java.specification.name" value="Java Platform API Specification"/>
    <property name="FILE_LOG_CHARSET" value="US-ASCII"/>
    <property name="java.awt.headless" value="true"/>
    <property name="surefire.real.class.path" value="/Users/sailendum/IdeaProjects/Spring-Cloud/SpringBoot-MongoDB/target/surefire/surefirebooter-20231225201011316_3.jar"/>
    <property name="sun.management.compiler" value="HotSpot 64-Bit Tiered Compilers"/>
    <property name="ftp.nonProxyHosts" value="local|*.local|169.254/16|*.169.254/16"/>
    <property name="java.runtime.version" value="17.0.8+9-LTS-211"/>
    <property name="user.name" value="sailendum"/>
    <property name="path.separator" value=":"/>
    <property name="os.version" value="13.6.1"/>
    <property name="java.runtime.name" value="Java(TM) SE Runtime Environment"/>
    <property name="file.encoding" value="US-ASCII"/>
    <property name="java.vm.name" value="Java HotSpot(TM) 64-Bit Server VM"/>
    <property name="localRepository" value="/Users/sailendum/.m2/repository-Interview"/>
    <property name="java.vendor.url.bug" value="https://bugreport.java.com/bugreport/"/>
    <property name="java.io.tmpdir" value="/var/folders/bz/qj0wsfrx1qs0c29n1sg23r840000gq/T/"/>
    <property name="idea.version" value="2022.2.2"/>
    <property name="java.version" value="17.0.8"/>
    <property name="user.dir" value="/Users/sailendum/IdeaProjects/Spring-Cloud/SpringBoot-MongoDB"/>
    <property name="os.arch" value="x86_64"/>
    <property name="java.vm.specification.name" value="Java Virtual Machine Specification"/>
    <property name="PID" value="93715"/>
    <property name="CONSOLE_LOG_CHARSET" value="US-ASCII"/>
    <property name="native.encoding" value="US-ASCII"/>
    <property name="java.library.path" value="/Users/sailendum/Library/Java/Extensions:/Library/Java/Extensions:/Network/Library/Java/Extensions:/System/Library/Java/Extensions:/usr/lib/java:."/>
    <property name="java.vm.info" value="mixed mode, sharing"/>
    <property name="java.vendor" value="Oracle Corporation"/>
    <property name="java.vm.version" value="17.0.8+9-LTS-211"/>
    <property name="sun.io.unicode.encoding" value="UnicodeBig"/>
    <property name="maven.repo.local" value="/Users/sailendum/.m2/repository-Interview"/>
    <property name="socksNonProxyHosts" value="local|*.local|169.254/16|*.169.254/16"/>
    <property name="java.class.version" value="61.0"/>
  </properties>
  <testcase name="contextLoads" classname="com.example.mongodb.SpringMongoDbApplicationTests" time="0.878">
    <system-out><![CDATA[20:10:12.158 [main] INFO org.springframework.test.context.support.AnnotationConfigContextLoaderUtils -- Could not detect default configuration classes for test class [com.example.mongodb.SpringMongoDbApplicationTests]: SpringMongoDbApplicationTests does not declare any static, non-private, non-final, nested classes annotated with @Configuration.
20:10:12.278 [main] INFO org.springframework.boot.test.context.SpringBootTestContextBootstrapper -- Found @SpringBootConfiguration com.example.mongodb.SpringMongoDbApplication for test class com.example.mongodb.SpringMongoDbApplicationTests

  .   ____          _            __ _ _
 /\\ / ___'_ __ _ _(_)_ __  __ _ \ \ \ \
( ( )\___ | '_ | '_| | '_ \/ _` | \ \ \ \
 \\/  ___)| |_)| | | | | || (_| |  ) ) ) )
  '  |____| .__|_| |_|_| |_\__, | / / / /
 =========|_|==============|___/=/_/_/_/
 :: Spring Boot ::                (v3.2.0)

2023-12-25T20:10:12.759+05:30  INFO 93715 --- [           main] c.e.m.SpringMongoDbApplicationTests      : Starting SpringMongoDbApplicationTests using Java 17.0.8 with PID 93715 (started by sailendum in /Users/sailendum/IdeaProjects/Spring-Cloud/SpringBoot-MongoDB)
2023-12-25T20:10:12.761+05:30  INFO 93715 --- [           main] c.e.m.SpringMongoDbApplicationTests      : No active profile set, falling back to 1 default profile: "default"
2023-12-25T20:10:13.180+05:30  INFO 93715 --- [           main] .s.d.r.c.RepositoryConfigurationDelegate : Bootstrapping Spring Data MongoDB repositories in DEFAULT mode.
2023-12-25T20:10:13.230+05:30  INFO 93715 --- [           main] .s.d.r.c.RepositoryConfigurationDelegate : Finished Spring Data repository scanning in 44 ms. Found 1 MongoDB repository interface.
2023-12-25T20:10:13.938+05:30  INFO 93715 --- [           main] org.mongodb.driver.client                : MongoClient with metadata {"driver": {"name": "mongo-java-driver|sync|spring-boot", "version": "4.11.1"}, "os": {"type": "Darwin", "name": "Mac OS X", "architecture": "x86_64", "version": "13.6.1"}, "platform": "Java/Oracle Corporation/17.0.8+9-LTS-211"} created with settings MongoClientSettings{readPreference=primary, writeConcern=WriteConcern{w=majority, wTimeout=null ms, journal=null}, retryWrites=true, retryReads=true, readConcern=ReadConcern{level=null}, credential=MongoCredential{mechanism=null, userName='sailendu1985', source='admin', password=<hidden>, mechanismProperties=<hidden>}, transportSettings=null, streamFactoryFactory=null, commandListeners=[], codecRegistry=ProvidersCodecRegistry{codecProviders=[ValueCodecProvider{}, BsonValueCodecProvider{}, DBRefCodecProvider{}, DBObjectCodecProvider{}, DocumentCodecProvider{}, CollectionCodecProvider{}, IterableCodecProvider{}, MapCodecProvider{}, GeoJsonCodecProvider{}, GridFSFileCodecProvider{}, Jsr310CodecProvider{}, JsonObjectCodecProvider{}, BsonCodecProvider{}, EnumCodecProvider{}, com.mongodb.client.model.mql.ExpressionCodecProvider@3d90eeb3, com.mongodb.Jep395RecordCodecProvider@1db87583, com.mongodb.KotlinCodecProvider@7fb53256]}, loggerSettings=LoggerSettings{maxDocumentLength=1000}, clusterSettings={hosts=[127.0.0.1:27017], srvHost=m0cluster1.n1ujrtw.mongodb.net, srvServiceName=mongodb, mode=MULTIPLE, requiredClusterType=REPLICA_SET, requiredReplicaSetName='atlas-11p1ll-shard-0', serverSelector='null', clusterListeners='[]', serverSelectionTimeout='30000 ms', localThreshold='15 ms'}, socketSettings=SocketSettings{connectTimeoutMS=10000, readTimeoutMS=0, receiveBufferSize=0, proxySettings=ProxySettings{host=null, port=null, username=null, password=null}}, heartbeatSocketSettings=SocketSettings{connectTimeoutMS=10000, readTimeoutMS=10000, receiveBufferSize=0, proxySettings=ProxySettings{host=null, port=null, username=null, password=null}}, connectionPoolSettings=ConnectionPoolSettings{maxSize=100, minSize=0, maxWaitTimeMS=120000, maxConnectionLifeTimeMS=0, maxConnectionIdleTimeMS=0, maintenanceInitialDelayMS=0, maintenanceFrequencyMS=60000, connectionPoolListeners=[], maxConnecting=2}, serverSettings=ServerSettings{heartbeatFrequencyMS=10000, minHeartbeatFrequencyMS=500, serverListeners='[]', serverMonitorListeners='[]'}, sslSettings=SslSettings{enabled=true, invalidHostNameAllowed=false, context=null}, applicationName='null', compressorList=[], uuidRepresentation=JAVA_LEGACY, serverApi=null, autoEncryptionSettings=null, dnsClient=null, inetAddressResolver=null, contextProvider=null}
2023-12-25T20:10:14.116+05:30  INFO 93715 --- [rtw.mongodb.net] org.mongodb.driver.cluster               : Adding discovered server ac-h0p2rxs-shard-00-02.n1ujrtw.mongodb.net:27017 to client view of cluster
2023-12-25T20:10:14.152+05:30  INFO 93715 --- [rtw.mongodb.net] org.mongodb.driver.cluster               : Adding discovered server ac-h0p2rxs-shard-00-00.n1ujrtw.mongodb.net:27017 to client view of cluster
2023-12-25T20:10:14.156+05:30  INFO 93715 --- [rtw.mongodb.net] org.mongodb.driver.cluster               : Adding discovered server ac-h0p2rxs-shard-00-01.n1ujrtw.mongodb.net:27017 to client view of cluster
2023-12-25T20:10:14.771+05:30  INFO 93715 --- [           main] c.e.m.SpringMongoDbApplicationTests      : Started SpringMongoDbApplicationTests in 2.308 seconds (process running for 3.349)
2023-12-25T20:10:14.773+05:30  INFO 93715 --- [           main] c.e.mongodb.SpringMongoDbApplication     : EXECUTING : command line runner
2023-12-25T20:10:14.788+05:30 DEBUG 93715 --- [           main] o.s.data.mongodb.core.MongoTemplate      : find using query: {} fields: Document{{}} for class: class com.example.mongodb.entity.GroceryItem in collection: groceryitems
2023-12-25T20:10:14.831+05:30  INFO 93715 --- [           main] org.mongodb.driver.cluster               : No server chosen by ReadPreferenceServerSelector{readPreference=primary} from cluster description ClusterDescription{type=REPLICA_SET, connectionMode=MULTIPLE, serverDescriptions=[ServerDescription{address=ac-h0p2rxs-shard-00-00.n1ujrtw.mongodb.net:27017, type=UNKNOWN, state=CONNECTING}, ServerDescription{address=ac-h0p2rxs-shard-00-02.n1ujrtw.mongodb.net:27017, type=UNKNOWN, state=CONNECTING}, ServerDescription{address=ac-h0p2rxs-shard-00-01.n1ujrtw.mongodb.net:27017, type=UNKNOWN, state=CONNECTING}]}. Waiting for 30000 ms before timing out
2023-12-25T20:10:15.185+05:30  INFO 93715 --- [ngodb.net:27017] org.mongodb.driver.cluster               : Monitor thread successfully connected to server with description ServerDescription{address=ac-h0p2rxs-shard-00-02.n1ujrtw.mongodb.net:27017, type=REPLICA_SET_SECONDARY, state=CONNECTED, ok=true, minWireVersion=0, maxWireVersion=17, maxDocumentSize=16777216, logicalSessionTimeoutMinutes=30, roundTripTimeNanos=353333806, setName='atlas-11p1ll-shard-0', canonicalAddress=ac-h0p2rxs-shard-00-02.n1ujrtw.mongodb.net:27017, hosts=[ac-h0p2rxs-shard-00-02.n1ujrtw.mongodb.net:27017, ac-h0p2rxs-shard-00-00.n1ujrtw.mongodb.net:27017, ac-h0p2rxs-shard-00-01.n1ujrtw.mongodb.net:27017], passives=[], arbiters=[], primary='ac-h0p2rxs-shard-00-01.n1ujrtw.mongodb.net:27017', tagSet=TagSet{[Tag{name='availabilityZone', value='aps1-az2'}, Tag{name='nodeType', value='ELECTABLE'}, Tag{name='provider', value='AWS'}, Tag{name='region', value='AP_SOUTH_1'}, Tag{name='workloadType', value='OPERATIONAL'}]}, electionId=null, setVersion=1, topologyVersion=TopologyVersion{processId=6582a34a4aa5cb8cca2125be, counter=3}, lastWriteDate=Mon Dec 25 20:10:15 IST 2023, lastUpdateTimeNanos=1480106011799045}
2023-12-25T20:10:15.220+05:30  INFO 93715 --- [ngodb.net:27017] org.mongodb.driver.cluster               : Monitor thread successfully connected to server with description ServerDescription{address=ac-h0p2rxs-shard-00-00.n1ujrtw.mongodb.net:27017, type=REPLICA_SET_SECONDARY, state=CONNECTED, ok=true, minWireVersion=0, maxWireVersion=17, maxDocumentSize=16777216, logicalSessionTimeoutMinutes=30, roundTripTimeNanos=278081117, setName='atlas-11p1ll-shard-0', canonicalAddress=ac-h0p2rxs-shard-00-00.n1ujrtw.mongodb.net:27017, hosts=[ac-h0p2rxs-shard-00-02.n1ujrtw.mongodb.net:27017, ac-h0p2rxs-shard-00-00.n1ujrtw.mongodb.net:27017, ac-h0p2rxs-shard-00-01.n1ujrtw.mongodb.net:27017], passives=[], arbiters=[], primary='ac-h0p2rxs-shard-00-01.n1ujrtw.mongodb.net:27017', tagSet=TagSet{[Tag{name='availabilityZone', value='aps1-az1'}, Tag{name='nodeType', value='ELECTABLE'}, Tag{name='provider', value='AWS'}, Tag{name='region', value='AP_SOUTH_1'}, Tag{name='workloadType', value='OPERATIONAL'}]}, electionId=null, setVersion=1, topologyVersion=TopologyVersion{processId=6582a171ff6099292fade21a, counter=4}, lastWriteDate=Mon Dec 25 20:10:15 IST 2023, lastUpdateTimeNanos=1480106048657806}
2023-12-25T20:10:15.397+05:30  INFO 93715 --- [ngodb.net:27017] org.mongodb.driver.cluster               : Monitor thread successfully connected to server with description ServerDescription{address=ac-h0p2rxs-shard-00-01.n1ujrtw.mongodb.net:27017, type=REPLICA_SET_PRIMARY, state=CONNECTED, ok=true, minWireVersion=0, maxWireVersion=17, maxDocumentSize=16777216, logicalSessionTimeoutMinutes=30, roundTripTimeNanos=300015148, setName='atlas-11p1ll-shard-0', canonicalAddress=ac-h0p2rxs-shard-00-01.n1ujrtw.mongodb.net:27017, hosts=[ac-h0p2rxs-shard-00-02.n1ujrtw.mongodb.net:27017, ac-h0p2rxs-shard-00-00.n1ujrtw.mongodb.net:27017, ac-h0p2rxs-shard-00-01.n1ujrtw.mongodb.net:27017], passives=[], arbiters=[], primary='ac-h0p2rxs-shard-00-01.n1ujrtw.mongodb.net:27017', tagSet=TagSet{[Tag{name='availabilityZone', value='aps1-az3'}, Tag{name='nodeType', value='ELECTABLE'}, Tag{name='provider', value='AWS'}, Tag{name='region', value='AP_SOUTH_1'}, Tag{name='workloadType', value='OPERATIONAL'}]}, electionId=7fffffff0000000000000004, setVersion=1, topologyVersion=TopologyVersion{processId=6582a26111a82676f5f0c997, counter=6}, lastWriteDate=Mon Dec 25 20:10:15 IST 2023, lastUpdateTimeNanos=1480106225590421}
2023-12-25T20:10:15.398+05:30  INFO 93715 --- [ngodb.net:27017] org.mongodb.driver.cluster               : Discovered replica set primary ac-h0p2rxs-shard-00-01.n1ujrtw.mongodb.net:27017 with max election id 7fffffff0000000000000004 and max set version 1
Item Name: Whole Wheat Biscuit, 
Quantity: 5, 
Item Category: munchies

Item Name: Dried Whole Red Chilli, 
Quantity: 2, 
Item Category: spices

Item Name: Healthy Pearl Millet, 
Quantity: 1, 
Item Category: millets

Item Name: Bonny Cheese Crackers Plain, 
Quantity: 10, 
Item Category: munchies


-----GET ITEM BY NAME-----

Getting item by name: Whole Wheat Biscuit
2023-12-25T20:10:16.138+05:30 DEBUG 93715 --- [           main] o.s.data.mongodb.core.MongoTemplate      : find using query: { "name" : "Whole Wheat Biscuit"} fields: Document{{}} for class: class com.example.mongodb.entity.GroceryItem in collection: groceryitems
Item Name: Whole Wheat Biscuit, 
Quantity: 5, 
Item Category: munchies


-----GET ITEMS BY CATEGORY-----

Getting items for the category millets
2023-12-25T20:10:16.193+05:30 DEBUG 93715 --- [           main] o.s.data.mongodb.core.MongoTemplate      : find using query: { "category" : "millets"} fields: Document{{name=1, quantity=1}} for class: class com.example.mongodb.entity.GroceryItem in collection: groceryitems
Name: Healthy Pearl Millet, Quantity: 1

-----UPDATE CATEGORY NAME OF SNACKS CATEGORY-----

2023-12-25T20:10:16.245+05:30 DEBUG 93715 --- [           main] o.s.data.mongodb.core.MongoTemplate      : find using query: { "category" : "snacks"} fields: Document{{name=1, quantity=1}} for class: class com.example.mongodb.entity.GroceryItem in collection: groceryitems
Successfully updated 0 items.

-----DELETE A GROCERY ITEM-----


-----UPDATE QUANTITY OF A GROCERY ITEM-----

Updating quantity for Bonny Cheese Crackers Plain
2023-12-25T20:10:16.349+05:30 DEBUG 93715 --- [           main] o.s.data.mongodb.core.MongoTemplate      : Calling update using query: { "name" : "Bonny Cheese Crackers Plain"} and update: { "$set" : { "quantity" : 10.0}} in collection: groceryitems
0 document(s) updated..
2023-12-25T20:10:16.440+05:30 DEBUG 93715 --- [           main] o.s.data.mongodb.core.MongoTemplate      : Remove using query: { "_id" : "Kodo Millet"} in collection: groceryitems.
Item with id Kodo Millet deleted...

-----FINAL COUNT OF GROCERY ITEMS-----

2023-12-25T20:10:16.496+05:30 DEBUG 93715 --- [           main] o.s.data.mongodb.core.MongoTemplate      : Executing count: {} in collection: groceryitems
Number of documents in the collection: 4

-----THANK YOU-----
]]></system-out>
  </testcase>
</testsuite>